<?xml version="1.0" encoding="UTF-8"?>
<!-- Generated by org.testng.reporters.JUnitXMLReporter -->
<testsuite ignored="2" hostname="LAPTOP-A4VES5R4" failures="0" tests="3" name="Integer Streams" time="0.013" errors="0" timestamp="2025-06-17T09:20:56 IST">
  <testcase classname="TestNgPractice.TestStreamProg" name="MultiplyAll" time="0.004"/>
  <testcase classname="TestNgPractice.TestStreamProg" name="findMax" time="0.002"/>
  <testcase classname="TestNgPractice.TestStreamProg" name="findMin" time="0.002"/>
  <testcase classname="TestNgPractice.TestStreamProg" name="sumOfAll" time="0.0">
    <ignored/>
  </testcase> <!-- sumOfAll -->
  <testcase classname="TestNgPractice.TestStreamProg" name="countOccurances" time="0.0">
    <ignored/>
  </testcase> <!-- countOccurances -->
</testsuite> <!-- Integer Streams -->
