<?xml version="1.0" encoding="UTF-8"?>
<!-- Generated by org.testng.reporters.JUnitXMLReporter -->
<testsuite ignored="0" hostname="LAPTOP-A4VES5R4" failures="0" tests="5" name="Intger Normal" time="0.059" errors="0" timestamp="2025-06-17T08:18:58 IST">
  <testcase classname="TestNgPractice.IntOperations" name="DivisionNumbers" time="0.006"/>
  <testcase classname="TestNgPractice.IntOperations" name="ModNumbers" time="0.001"/>
  <testcase classname="TestNgPractice.IntOperations" name="MultiplicationNumbers" time="0.002"/>
  <testcase classname="TestNgPractice.IntOperations" name="addNumbers" time="0.001"/>
  <testcase classname="TestNgPractice.IntOperations" name="substractionNumbers" time="0.001"/>
</testsuite> <!-- Intger Normal -->
