<?xml version="1.0" encoding="UTF-8"?>
<!-- Generated by org.testng.reporters.JUnitXMLReporter -->
<testsuite ignored="0" hostname="LAPTOP-A4VES5R4" failures="0" tests="5" name="Default test" time="0.067" errors="0" timestamp="2025-06-17T08:45:02 IST">
  <testcase classname="TestNgPractice.TestStreamProg" name="MultiplyAll" time="0.007"/>
  <testcase classname="TestNgPractice.TestStreamProg" name="countOccurances" time="0.002"/>
  <testcase classname="TestNgPractice.TestStreamProg" name="findMax" time="0.002"/>
  <testcase classname="TestNgPractice.TestStreamProg" name="findMin" time="0.002"/>
  <testcase classname="TestNgPractice.TestStreamProg" name="sumOfAll" time="0.001"/>
</testsuite> <!-- Default test -->
