<?xml version="1.0" encoding="UTF-8"?>
<!-- Generated by org.testng.reporters.JUnitXMLReporter -->
<testsuite ignored="1" hostname="LAPTOP-A4VES5R4" failures="0" tests="11" name="SampleTests" time="0.075" errors="0" timestamp="2025-06-25T17:12:55 IST">
  <testcase classname="SampleTests.TestNgSampleTests" name="StringSorting" time="0.005"/>
  <testcase classname="SampleTests.TestNgSampleTests" name="sortArray" time="0.0"/>
  <testcase classname="SampleTests.TestNgSampleTests" name="priority1" time="0.001"/>
  <testcase classname="SampleTests.TestNgSampleTests" name="priority2" time="0.001"/>
  <testcase classname="SampleTests.TestNgSampleTests" name="priority3" time="0.001"/>
  <testcase classname="SampleTests.TestNgSampleTests" name="priority5" time="0.001"/>
  <testcase classname="SampleTests.TestPracticeTestNg" name="addition" time="0.001"/>
  <testcase classname="SampleTests.TestPracticeTestNg" name="division" time="0.001"/>
  <testcase classname="SampleTests.TestPracticeTestNg" name="modulous" time="0.001"/>
  <testcase classname="SampleTests.TestPracticeTestNg" name="multiplication" time="0.001"/>
  <testcase classname="SampleTests.TestPracticeTestNg" name="substraction" time="0.001"/>
  <testcase classname="SampleTests.TestNgSampleTests" name="priority4" time="0.0">
    <ignored/>
  </testcase> <!-- priority4 -->
</testsuite> <!-- SampleTests -->
