<?xml version="1.0" encoding="UTF-8"?>
<!-- Generated by org.testng.reporters.JUnitXMLReporter -->
<testsuite ignored="29" hostname="LAPTOP-A4VES5R4" failures="0" tests="3" name="SamplePrograms" time="0.065" errors="0" timestamp="2025-06-26T09:52:21 IST">
  <testcase classname="SampleTests.TestArrayProg" name="findAverage" time="0.01"/>
  <testcase classname="SampleTests.TestArrayProg" name="sortReverse" time="0.002"/>
  <testcase classname="SampleTests.TestArrayProg" name="sortedArray" time="0.001"/>
  <testcase classname="SampleTests.NestedFrames" name="nestedFrameOperations" time="0.0">
    <ignored/>
  </testcase> <!-- nestedFrameOperations -->
  <testcase classname="SampleTests.TestLogin" name="clickOnTime" time="0.0">
    <ignored/>
  </testcase> <!-- clickOnTime -->
  <testcase classname="SampleTests.TestNgSampleTests" name="priority4" time="0.0">
    <ignored/>
  </testcase> <!-- priority4 -->
  <testcase classname="SampleTests.TestArrayProg" name="sumOfAll" time="0.0">
    <ignored/>
  </testcase> <!-- sumOfAll -->
  <testcase classname="SampleTests.TestPracticeTestNg" name="addition" time="0.0">
    <ignored/>
  </testcase> <!-- addition -->
  <testcase classname="SampleTests.sortArray" name="reverseString" time="0.0">
    <ignored/>
  </testcase> <!-- reverseString -->
  <testcase classname="SampleTests.TestNgSampleTests" name="priority2" time="0.0">
    <ignored/>
  </testcase> <!-- priority2 -->
  <testcase classname="SampleTests.TestArrayProg" name="MultiplyAll" time="0.0">
    <ignored/>
  </testcase> <!-- MultiplyAll -->
  <testcase classname="SampleTests.TestLogin" name="clickOnRecruitment" time="0.0">
    <ignored/>
  </testcase> <!-- clickOnRecruitment -->
  <testcase classname="SampleTests.TestPracticeTestNg" name="division" time="0.0">
    <ignored/>
  </testcase> <!-- division -->
  <testcase classname="SampleTests.TestLogin" name="clickOnMyInfo" time="0.0">
    <ignored/>
  </testcase> <!-- clickOnMyInfo -->
  <testcase classname="SampleTests.TestArrayProg" name="findMax" time="0.0">
    <ignored/>
  </testcase> <!-- findMax -->
  <testcase classname="SampleTests.TestNgSampleTests" name="priority5" time="0.0">
    <ignored/>
  </testcase> <!-- priority5 -->
  <testcase classname="SampleTests.sortArray" name="sorting" time="0.0">
    <ignored/>
  </testcase> <!-- sorting -->
  <testcase classname="SampleTests.sortArray" name="countOccurances" time="0.0">
    <ignored/>
  </testcase> <!-- countOccurances -->
  <testcase classname="SampleTests.sortArray" name="printCount" time="0.0">
    <ignored/>
  </testcase> <!-- printCount -->
  <testcase classname="SampleTests.SwitchToAllWindows" name="NavigateToAllWindows" time="0.0">
    <ignored/>
  </testcase> <!-- NavigateToAllWindows -->
  <testcase classname="SampleTests.TestLogin" name="clickOnPIM" time="0.0">
    <ignored/>
  </testcase> <!-- clickOnPIM -->
  <testcase classname="SampleTests.TestLogin" name="clickOnAdmin" time="0.0">
    <ignored/>
  </testcase> <!-- clickOnAdmin -->
  <testcase classname="SampleTests.TestPracticeTestNg" name="modulous" time="0.0">
    <ignored/>
  </testcase> <!-- modulous -->
  <testcase classname="SampleTests.TestNgSampleTests" name="priority3" time="0.0">
    <ignored/>
  </testcase> <!-- priority3 -->
  <testcase classname="SampleTests.TestNgSampleTests" name="StringSorting" time="0.0">
    <ignored/>
  </testcase> <!-- StringSorting -->
  <testcase classname="SampleTests.TestPracticeTestNg" name="substraction" time="0.0">
    <ignored/>
  </testcase> <!-- substraction -->
  <testcase classname="SampleTests.TestNgSampleTests" name="priority1" time="0.0">
    <ignored/>
  </testcase> <!-- priority1 -->
  <testcase classname="SampleTests.TestLogin" name="clickOnLeave" time="0.0">
    <ignored/>
  </testcase> <!-- clickOnLeave -->
  <testcase classname="SampleTests.TestPracticeTestNg" name="multiplication" time="0.0">
    <ignored/>
  </testcase> <!-- multiplication -->
  <testcase classname="SampleTests.TestArrayProg" name="findMin" time="0.0">
    <ignored/>
  </testcase> <!-- findMin -->
  <testcase classname="SampleTests.TestNgSampleTests" name="sortArray" time="0.0">
    <ignored/>
  </testcase> <!-- sortArray -->
  <testcase classname="SampleTests.TestStreams" name="countOccurancesIntegers" time="0.0">
    <ignored/>
  </testcase> <!-- countOccurancesIntegers -->
</testsuite> <!-- SamplePrograms -->
