<?xml version="1.0" encoding="UTF-8"?>
<!-- Generated by org.testng.reporters.JUnitXMLReporter -->
<testsuite ignored="0" hostname="LAPTOP-A4VES5R4" failures="0" tests="7" name="Test" time="32.213" errors="0" timestamp="2025-06-27T16:09:58 IST">
  <testcase classname="SampleTests.TestLogin" name="clickOnAdmin" time="3.216"/>
  <testcase classname="SampleTests.TestLogin" name="clickOnLeave" time="1.257"/>
  <testcase classname="SampleTests.TestLogin" name="clickOnMyInfo" time="1.526"/>
  <testcase classname="SampleTests.TestLogin" name="clickOnPIM" time="1.505"/>
  <testcase classname="SampleTests.TestLogin" name="clickOnRecruitment" time="1.38"/>
  <testcase classname="SampleTests.TestLogin" name="clickOnTime" time="1.558"/>
  <testcase classname="SampleTests.SwitchToAllWindows" name="NavigateToAllWindows" time="16.051"/>
</testsuite> <!-- Test -->
