<?xml version="1.0" encoding="UTF-8"?>
<!-- Generated by org.testng.reporters.JUnitXMLReporter -->
<testsuite ignored="1" hostname="LAPTOP-A4VES5R4" failures="0" tests="7" name="Test" time="0.067" errors="0" timestamp="2025-05-20T08:05:22 IST">
  <testcase classname="Tests.TestPracticeTestNg" name="division" time="0.007"/>
  <testcase classname="Tests.TestPracticeTestNg" name="modulous" time="0.001"/>
  <testcase classname="Tests.TestPracticeTestNg" name="multiplication" time="0.001"/>
  <testcase classname="Tests.TestPracticeTestNg" name="substraction" time="0.002"/>
  <testcase classname="Tests.TestArrayProg" name="MultiplyAll" time="0.002"/>
  <testcase classname="Tests.TestArrayProg" name="findMax" time="0.001"/>
  <testcase classname="Tests.TestArrayProg" name="sumOfAll" time="0.003"/>
  <testcase classname="Tests.TestPracticeTestNg" name="addition" time="0.0">
    <ignored/>
  </testcase> <!-- addition -->
</testsuite> <!-- Test -->
