<?xml version="1.0" encoding="UTF-8"?>
<testng-results ignored="0" total="1" passed="1" failed="0" skipped="0">
  <reporter-output>
  </reporter-output>
  <suite started-at="2025-06-27T22:09:09 IST" name="Default suite" finished-at="2025-06-27T22:09:09 IST" duration-ms="56">
    <groups>
    </groups>
    <test started-at="2025-06-27T22:09:09 IST" name="Default test" finished-at="2025-06-27T22:09:09 IST" duration-ms="56">
      <class name="SamplePrograms.BasicProg">
        <test-method signature="prime()[pri:0, instance:SamplePrograms.BasicProg@62ddbd7e]" started-at="2025-06-27T22:09:09 IST" name="prime" finished-at="2025-06-27T22:09:09 IST" duration-ms="10" status="PASS">
          <reporter-output>
          </reporter-output>
        </test-method> <!-- prime -->
      </class> <!-- SamplePrograms.BasicProg -->
    </test> <!-- Default test -->
  </suite> <!-- Default suite -->
</testng-results>
